<?xml version="1.0" encoding="UTF-8"?>
<!-- Generated by org.testng.reporters.JUnitXMLReporter -->
<testsuite hostname="DESKTOP-75016JH" name="Regression" tests="2" failures="1" timestamp="20 Feb 2022 12:32:31 GMT" time="76.248" errors="0">
  <testcase name="addToCartTest" time="27.977" classname="com.myShop.testcases.TC_AddToCartTest">
    <failure type="java.lang.AssertionError" message="expected [true] but found [false]">
      <![CDATA[java.lang.AssertionError: expected [true] but found [false]
	at com.myShop.testcases.TC_AddToCartTest.addToCartTest(TC_AddToCartTest.java:33)
... Removed 29 stack frames]]>
    </failure>
  </testcase> <!-- addToCartTest -->
  <testcase name="endToEndTest" time="30.717" classname="com.myShop.testcases.TC_EndToEndTest"/>
</testsuite> <!-- Regression -->
